<?xml version="1.0" encoding="UTF-8" ?>
<testsuite failures="0" time="0.678" errors="0" skipped="0" tests="3" name="org.ingini.jongo.example.create.TestInsertion">
  <properties>
[...]
</properties>
  <testcase time="0.167" classname="org.ingini.jongo.example.create.TestInsertion" name="shouldInsertOneHeroineWithAutomaticObjectId"/>
  <testcase time="0.016" classname="org.ingini.jongo.example.create.TestInsertion" name="shouldInsertOneHeroWithAutomaticObjectId"/>
  <testcase time="0.006" classname="org.ingini.jongo.example.create.TestInsertion" name="shouldInsertOneSwordWithCustomObjectId"/>
</testsuite>